<?xml version="1.0" encoding="UTF-8"?>
<!-- Generated by org.testng.reporters.JUnitXMLReporter -->
<testsuite hostname="EPRUTLTW0001" ignored="2" name="Default test" tests="1" failures="0" timestamp="10 янв 2017 13:02:26 GMT" time="8.805" errors="0">
  <testcase name="testJenkinsJob" time="8.756" classname="AutomationTest.TestServices"/>
  <testcase name="testDLabScenario" time="0.0" classname="AutomationTest.TestServices">
    <ignored/>
  </testcase> <!-- testDLabScenario -->
  <testcase name="testLogin" time="0.0" classname="AutomationTest.TestServices">
    <ignored/>
  </testcase> <!-- testLogin -->
</testsuite> <!-- Default test -->
