<?xml version="1.0" encoding="UTF-8"?>
<testng-results skipped="0" failed="0" total="1" passed="1">
  <reporter-output>
  </reporter-output>
  <suite name="Default suite" duration-ms="62" started-at="2016-12-22T09:42:49Z" finished-at="2016-12-22T09:42:49Z">
    <groups>
    </groups>
    <test name="Default test" duration-ms="62" started-at="2016-12-22T09:42:49Z" finished-at="2016-12-22T09:42:49Z">
      <class name="AutomationTest.Dlab.TestServices">
        <test-method status="PASS" signature="Setup()[pri:0, instance:AutomationTest.Dlab.TestServices@5f2050f6]" name="Setup" is-config="true" duration-ms="62" started-at="2016-12-22T11:42:49Z" finished-at="2016-12-22T11:42:49Z">
          <reporter-output>
          </reporter-output>
        </test-method> <!-- Setup -->
        <test-method status="PASS" signature="test()[pri:0, instance:AutomationTest.Dlab.TestServices@5f2050f6]" name="test" duration-ms="0" started-at="2016-12-22T11:42:49Z" finished-at="2016-12-22T11:42:49Z">
          <reporter-output>
          </reporter-output>
        </test-method> <!-- test -->
      </class> <!-- AutomationTest.Dlab.TestServices -->
    </test> <!-- Default test -->
  </suite> <!-- Default suite -->
</testng-results>
